<?xml version="1.0" encoding="UTF-8"?>
<!-- Generated by org.testng.reporters.JUnitReportReporter -->
<testsuite skipped="0" hostname="DESKTOP-RUAD0RO" name="com.guru99.testCases.CheckoutPageTest" tests="1" failures="0" timestamp="12 Aug 2021 06:08:58 GMT" time="31.434" errors="0">
  <testcase name="Testcase_006" time="31.434" classname="com.guru99.testCases.CheckoutPageTest"/>
</testsuite> <!-- com.guru99.testCases.CheckoutPageTest -->
