<?xml version="1.0" encoding="UTF-8"?>
<!-- Generated by org.testng.reporters.JUnitReportReporter -->
<testsuite skipped="0" hostname="DESKTOP-RUAD0RO" name="com.guru99.testCases.CartPageTest" tests="1" failures="0" timestamp="07 Aug 2021 05:53:52 GMT" time="24.596" errors="0">
  <testcase name="Testcase_001" time="24.596" classname="com.guru99.testCases.CartPageTest"/>
</testsuite> <!-- com.guru99.testCases.CartPageTest -->
