<?xml version="1.0" encoding="UTF-8"?>
<!-- Generated by org.testng.reporters.JUnitReportReporter -->
<testsuite skipped="0" hostname="DESKTOP-RUAD0RO" name="com.guru99.testCases.HomePageTest" tests="1" failures="0" timestamp="09 Aug 2021 19:06:54 GMT" time="15.239" errors="0">
  <testcase name="test_004" time="15.239" classname="com.guru99.testCases.HomePageTest"/>
</testsuite> <!-- com.guru99.testCases.HomePageTest -->
