<?xml version="1.0" encoding="UTF-8"?>
<!-- Generated by org.testng.reporters.JUnitReportReporter -->
<testsuite skipped="0" hostname="DESKTOP-RUAD0RO" name="com.guru99.testCases.LoginTest" tests="1" failures="0" timestamp="06 Aug 2021 12:01:23 GMT" time="17.914" errors="0">
  <testcase name="test_002" time="17.914" classname="com.guru99.testCases.LoginTest"/>
</testsuite> <!-- com.guru99.testCases.LoginTest -->
