<?xml version="1.0" encoding="UTF-8"?>
<!-- Generated by org.testng.reporters.JUnitReportReporter -->
<testsuite skipped="0" hostname="DESKTOP-RUAD0RO" name="com.guru99.testCases.CheckoutPageTest" tests="1" failures="0" timestamp="28 Sep 2021 17:10:03 GMT" time="50.495" errors="0">
  <testcase name="Testcase_006" time="50.495" classname="com.guru99.testCases.CheckoutPageTest"/>
</testsuite> <!-- com.guru99.testCases.CheckoutPageTest -->
