<?xml version="1.0" encoding="UTF-8"?>
<!-- Generated by org.testng.reporters.JUnitReportReporter -->
<testsuite skipped="0" hostname="DESKTOP-RUAD0RO" name="com.guru99.testCases.RegistrationPageTest" tests="1" failures="0" timestamp="10 Aug 2021 11:48:44 GMT" time="27.920" errors="0">
  <testcase name="testcase_005" time="27.920" classname="com.guru99.testCases.RegistrationPageTest"/>
</testsuite> <!-- com.guru99.testCases.RegistrationPageTest -->
